/Users/erenatas/.conda/envs/CannyEdgeDetection/lib/python3.6/site-packages/sklearn/externals/joblib/externals/cloudpickle/cloudpickle.py:47: DeprecationWarning: the imp module is deprecated in favour of importlib; see the module's documentation for alternative uses
  import imp
-------------------------------------------------------------------------------------
----------------------------- outlier removed, No PCA-----------------------------
/Users/erenatas/.conda/envs/CannyEdgeDetection/lib/python3.6/site-packages/sklearn/ensemble/iforest.py:214: FutureWarning: default contamination parameter 0.1 will change in version 0.22 to "auto". This will change the predict method behavior.
  FutureWarning)
/Users/erenatas/.conda/envs/CannyEdgeDetection/lib/python3.6/site-packages/sklearn/ensemble/iforest.py:224: FutureWarning: behaviour="old" is deprecated and will be removed in version 0.22. Please use behaviour="new", which makes the decision_function change to match other anomaly detection algorithm API.
  FutureWarning)
/Users/erenatas/.conda/envs/CannyEdgeDetection/lib/python3.6/site-packages/sklearn/ensemble/iforest.py:418: DeprecationWarning: threshold_ attribute is deprecated in 0.20 and will be removed in 0.22.
  " be removed in 0.22.", DeprecationWarning)
Number of Outliers: 2110
Number of rows without outliers: 18985
/Users/erenatas/.conda/envs/CannyEdgeDetection/lib/python3.6/site-packages/sklearn/preprocessing/data.py:323: DataConversionWarning: Data with input dtype int64, float64 were all converted to float64 by MinMaxScaler.
  return self.partial_fit(X, y)
Number of trees/estimators = 1, max depth = 3
Random forest regressor: % of features = 25.00, Least CV error: -0.17 and time : 0.036
Number of trees/estimators = 1, max depth = 6
Random forest regressor: % of features = 25.00, Least CV error: -0.23 and time : 0.044
Number of trees/estimators = 1, max depth = 8
Random forest regressor: % of features = 25.00, Least CV error: -0.24 and time : 0.049
Number of trees/estimators = 1, max depth = 10
Random forest regressor: % of features = 25.00, Least CV error: -0.26 and time : 0.063
Number of trees/estimators = 1, max depth = 15
Random forest regressor: % of features = 25.00, Least CV error: -0.13 and time : 0.068
Number of trees/estimators = 1, max depth = 25
Random forest regressor: % of features = 25.00, Least CV error: 0.13 and time : 0.107


Number of trees/estimators = 1, max depth = 3
Random forest regressor: % of features = 50.00, Least CV error: -0.18 and time : 0.055
Number of trees/estimators = 1, max depth = 6
Random forest regressor: % of features = 50.00, Least CV error: -0.27 and time : 0.061
Number of trees/estimators = 1, max depth = 8
Random forest regressor: % of features = 50.00, Least CV error: -0.28 and time : 0.067
Number of trees/estimators = 1, max depth = 10
Random forest regressor: % of features = 50.00, Least CV error: -0.27 and time : 0.078
Number of trees/estimators = 1, max depth = 15
Random forest regressor: % of features = 50.00, Least CV error: -0.05 and time : 0.104
Number of trees/estimators = 1, max depth = 25
Random forest regressor: % of features = 50.00, Least CV error: 0.19 and time : 0.129


Number of trees/estimators = 1, max depth = 3
Random forest regressor: % of features = 75.00, Least CV error: -0.20 and time : 0.077
Number of trees/estimators = 1, max depth = 6
Random forest regressor: % of features = 75.00, Least CV error: -0.29 and time : 0.067
Number of trees/estimators = 1, max depth = 8
Random forest regressor: % of features = 75.00, Least CV error: -0.31 and time : 0.084
Number of trees/estimators = 1, max depth = 10
Random forest regressor: % of features = 75.00, Least CV error: -0.29 and time : 0.112
Number of trees/estimators = 1, max depth = 15
Random forest regressor: % of features = 75.00, Least CV error: -0.05 and time : 0.135
Number of trees/estimators = 1, max depth = 25
Random forest regressor: % of features = 75.00, Least CV error: 0.18 and time : 0.158


Number of trees/estimators = 1, max depth = 3
Random forest regressor: % of features = 100.00, Least CV error: -0.10 and time : 0.023
Number of trees/estimators = 1, max depth = 6
Random forest regressor: % of features = 100.00, Least CV error: -0.12 and time : 0.025
Number of trees/estimators = 1, max depth = 8
Random forest regressor: % of features = 100.00, Least CV error: -0.10 and time : 0.031
Number of trees/estimators = 1, max depth = 10
Random forest regressor: % of features = 100.00, Least CV error: -0.12 and time : 0.032
Number of trees/estimators = 1, max depth = 15
Random forest regressor: % of features = 100.00, Least CV error: -0.05 and time : 0.038
Number of trees/estimators = 1, max depth = 25
Random forest regressor: % of features = 100.00, Least CV error: 0.16 and time : 0.055


Number of trees/estimators = 2, max depth = 3
Random forest regressor: % of features = 25.00, Least CV error: -0.18 and time : 0.034
Number of trees/estimators = 2, max depth = 6
Random forest regressor: % of features = 25.00, Least CV error: -0.26 and time : 0.053
Number of trees/estimators = 2, max depth = 8
Random forest regressor: % of features = 25.00, Least CV error: -0.32 and time : 0.065
Number of trees/estimators = 2, max depth = 10
Random forest regressor: % of features = 25.00, Least CV error: -0.32 and time : 0.084
Number of trees/estimators = 2, max depth = 15
Random forest regressor: % of features = 25.00, Least CV error: -0.27 and time : 0.113
Number of trees/estimators = 2, max depth = 25
Random forest regressor: % of features = 25.00, Least CV error: -0.16 and time : 0.154


Number of trees/estimators = 2, max depth = 3
Random forest regressor: % of features = 50.00, Least CV error: -0.19 and time : 0.052
Number of trees/estimators = 2, max depth = 6
Random forest regressor: % of features = 50.00, Least CV error: -0.30 and time : 0.085
Number of trees/estimators = 2, max depth = 8
Random forest regressor: % of features = 50.00, Least CV error: -0.33 and time : 0.101
Number of trees/estimators = 2, max depth = 10
Random forest regressor: % of features = 50.00, Least CV error: -0.32 and time : 0.121
Number of trees/estimators = 2, max depth = 15
Random forest regressor: % of features = 50.00, Least CV error: -0.25 and time : 0.165
Number of trees/estimators = 2, max depth = 25
Random forest regressor: % of features = 50.00, Least CV error: -0.11 and time : 0.234


Number of trees/estimators = 2, max depth = 3
Random forest regressor: % of features = 75.00, Least CV error: -0.23 and time : 0.072
Number of trees/estimators = 2, max depth = 6
Random forest regressor: % of features = 75.00, Least CV error: -0.32 and time : 0.109
Number of trees/estimators = 2, max depth = 8
Random forest regressor: % of features = 75.00, Least CV error: -0.36 and time : 0.136
Number of trees/estimators = 2, max depth = 10
Random forest regressor: % of features = 75.00, Least CV error: -0.36 and time : 0.166
Number of trees/estimators = 2, max depth = 15
Random forest regressor: % of features = 75.00, Least CV error: -0.26 and time : 0.253
Number of trees/estimators = 2, max depth = 25
Random forest regressor: % of features = 75.00, Least CV error: -0.12 and time : 0.304


Number of trees/estimators = 2, max depth = 3
Random forest regressor: % of features = 100.00, Least CV error: -0.08 and time : 0.033
Number of trees/estimators = 2, max depth = 6
Random forest regressor: % of features = 100.00, Least CV error: -0.16 and time : 0.038
Number of trees/estimators = 2, max depth = 8
Random forest regressor: % of features = 100.00, Least CV error: -0.16 and time : 0.041
Number of trees/estimators = 2, max depth = 10
Random forest regressor: % of features = 100.00, Least CV error: -0.19 and time : 0.052
Number of trees/estimators = 2, max depth = 15
Random forest regressor: % of features = 100.00, Least CV error: -0.20 and time : 0.055
Number of trees/estimators = 2, max depth = 25
Random forest regressor: % of features = 100.00, Least CV error: -0.13 and time : 0.110


Number of trees/estimators = 5, max depth = 3
Random forest regressor: % of features = 25.00, Least CV error: -0.20 and time : 0.079
Number of trees/estimators = 5, max depth = 6
Random forest regressor: % of features = 25.00, Least CV error: -0.29 and time : 0.136
Number of trees/estimators = 5, max depth = 8
Random forest regressor: % of features = 25.00, Least CV error: -0.34 and time : 0.152
Number of trees/estimators = 5, max depth = 10
Random forest regressor: % of features = 25.00, Least CV error: -0.35 and time : 0.162
Number of trees/estimators = 5, max depth = 15
Random forest regressor: % of features = 25.00, Least CV error: -0.36 and time : 0.271
Number of trees/estimators = 5, max depth = 25
Random forest regressor: % of features = 25.00, Least CV error: -0.31 and time : 0.341


Number of trees/estimators = 5, max depth = 3
Random forest regressor: % of features = 50.00, Least CV error: -0.21 and time : 0.106
Number of trees/estimators = 5, max depth = 6
Random forest regressor: % of features = 50.00, Least CV error: -0.32 and time : 0.193
Number of trees/estimators = 5, max depth = 8
Random forest regressor: % of features = 50.00, Least CV error: -0.36 and time : 0.224
Number of trees/estimators = 5, max depth = 10
Random forest regressor: % of features = 50.00, Least CV error: -0.38 and time : 0.279
Number of trees/estimators = 5, max depth = 15
Random forest regressor: % of features = 50.00, Least CV error: -0.35 and time : 0.398
Number of trees/estimators = 5, max depth = 25
Random forest regressor: % of features = 50.00, Least CV error: -0.30 and time : 0.582


Number of trees/estimators = 5, max depth = 3
Random forest regressor: % of features = 75.00, Least CV error: -0.23 and time : 0.161
Number of trees/estimators = 5, max depth = 6
Random forest regressor: % of features = 75.00, Least CV error: -0.33 and time : 0.256
Number of trees/estimators = 5, max depth = 8
Random forest regressor: % of features = 75.00, Least CV error: -0.38 and time : 0.332
Number of trees/estimators = 5, max depth = 10
Random forest regressor: % of features = 75.00, Least CV error: -0.40 and time : 0.403
Number of trees/estimators = 5, max depth = 15
Random forest regressor: % of features = 75.00, Least CV error: -0.36 and time : 0.585
Number of trees/estimators = 5, max depth = 25
Random forest regressor: % of features = 75.00, Least CV error: -0.30 and time : 0.768


Number of trees/estimators = 5, max depth = 3
Random forest regressor: % of features = 100.00, Least CV error: -0.06 and time : 0.048
Number of trees/estimators = 5, max depth = 6
Random forest regressor: % of features = 100.00, Least CV error: -0.15 and time : 0.059
Number of trees/estimators = 5, max depth = 8
Random forest regressor: % of features = 100.00, Least CV error: -0.20 and time : 0.095
Number of trees/estimators = 5, max depth = 10
Random forest regressor: % of features = 100.00, Least CV error: -0.23 and time : 0.086
Number of trees/estimators = 5, max depth = 15
Random forest regressor: % of features = 100.00, Least CV error: -0.29 and time : 0.127
Number of trees/estimators = 5, max depth = 25
Random forest regressor: % of features = 100.00, Least CV error: -0.28 and time : 0.230


Number of trees/estimators = 10, max depth = 3
Random forest regressor: % of features = 25.00, Least CV error: -0.19 and time : 0.156
Number of trees/estimators = 10, max depth = 6
Random forest regressor: % of features = 25.00, Least CV error: -0.30 and time : 0.224
Number of trees/estimators = 10, max depth = 8
Random forest regressor: % of features = 25.00, Least CV error: -0.35 and time : 0.294
Number of trees/estimators = 10, max depth = 10
Random forest regressor: % of features = 25.00, Least CV error: -0.37 and time : 0.342
Number of trees/estimators = 10, max depth = 15
Random forest regressor: % of features = 25.00, Least CV error: -0.39 and time : 0.516
Number of trees/estimators = 10, max depth = 25
Random forest regressor: % of features = 25.00, Least CV error: -0.36 and time : 0.730


Number of trees/estimators = 10, max depth = 3
Random forest regressor: % of features = 50.00, Least CV error: -0.22 and time : 0.207
Number of trees/estimators = 10, max depth = 6
Random forest regressor: % of features = 50.00, Least CV error: -0.33 and time : 0.372
Number of trees/estimators = 10, max depth = 8
Random forest regressor: % of features = 50.00, Least CV error: -0.37 and time : 0.472
Number of trees/estimators = 10, max depth = 10
Random forest regressor: % of features = 50.00, Least CV error: -0.40 and time : 0.552
Number of trees/estimators = 10, max depth = 15
Random forest regressor: % of features = 50.00, Least CV error: -0.39 and time : 0.821
Number of trees/estimators = 10, max depth = 25
Random forest regressor: % of features = 50.00, Least CV error: -0.36 and time : 1.109


Number of trees/estimators = 10, max depth = 3
Random forest regressor: % of features = 75.00, Least CV error: -0.23 and time : 0.284
Number of trees/estimators = 10, max depth = 6
Random forest regressor: % of features = 75.00, Least CV error: -0.34 and time : 0.499
Number of trees/estimators = 10, max depth = 8
Random forest regressor: % of features = 75.00, Least CV error: -0.38 and time : 0.625
Number of trees/estimators = 10, max depth = 10
Random forest regressor: % of features = 75.00, Least CV error: -0.41 and time : 0.761
Number of trees/estimators = 10, max depth = 15
Random forest regressor: % of features = 75.00, Least CV error: -0.39 and time : 1.145
Number of trees/estimators = 10, max depth = 25
Random forest regressor: % of features = 75.00, Least CV error: -0.36 and time : 1.491


Number of trees/estimators = 10, max depth = 3
Random forest regressor: % of features = 100.00, Least CV error: -0.08 and time : 0.088
Number of trees/estimators = 10, max depth = 6
Random forest regressor: % of features = 100.00, Least CV error: -0.16 and time : 0.105
Number of trees/estimators = 10, max depth = 8
Random forest regressor: % of features = 100.00, Least CV error: -0.20 and time : 0.137
Number of trees/estimators = 10, max depth = 10
Random forest regressor: % of features = 100.00, Least CV error: -0.24 and time : 0.165
Number of trees/estimators = 10, max depth = 15
Random forest regressor: % of features = 100.00, Least CV error: -0.31 and time : 0.236
Number of trees/estimators = 10, max depth = 25
Random forest regressor: % of features = 100.00, Least CV error: -0.34 and time : 0.447


Number of trees/estimators = 20, max depth = 3
Random forest regressor: % of features = 25.00, Least CV error: -0.19 and time : 0.256
Number of trees/estimators = 20, max depth = 6
Random forest regressor: % of features = 25.00, Least CV error: -0.30 and time : 0.450
Number of trees/estimators = 20, max depth = 8
Random forest regressor: % of features = 25.00, Least CV error: -0.35 and time : 0.554
Number of trees/estimators = 20, max depth = 10
Random forest regressor: % of features = 25.00, Least CV error: -0.38 and time : 0.626
Number of trees/estimators = 20, max depth = 15
Random forest regressor: % of features = 25.00, Least CV error: -0.40 and time : 0.981
Number of trees/estimators = 20, max depth = 25
Random forest regressor: % of features = 25.00, Least CV error: -0.39 and time : 1.440


Number of trees/estimators = 20, max depth = 3
Random forest regressor: % of features = 50.00, Least CV error: -0.22 and time : 0.403
Number of trees/estimators = 20, max depth = 6
Random forest regressor: % of features = 50.00, Least CV error: -0.33 and time : 0.727
Number of trees/estimators = 20, max depth = 8
Random forest regressor: % of features = 50.00, Least CV error: -0.37 and time : 0.904
Number of trees/estimators = 20, max depth = 10
Random forest regressor: % of features = 50.00, Least CV error: -0.40 and time : 1.086
Number of trees/estimators = 20, max depth = 15
Random forest regressor: % of features = 50.00, Least CV error: -0.41 and time : 1.569
Number of trees/estimators = 20, max depth = 25
Random forest regressor: % of features = 50.00, Least CV error: -0.39 and time : 2.204


Number of trees/estimators = 20, max depth = 3
Random forest regressor: % of features = 75.00, Least CV error: -0.23 and time : 0.553
Number of trees/estimators = 20, max depth = 6
Random forest regressor: % of features = 75.00, Least CV error: -0.34 and time : 0.943
Number of trees/estimators = 20, max depth = 8
Random forest regressor: % of features = 75.00, Least CV error: -0.39 and time : 1.143
Number of trees/estimators = 20, max depth = 10
Random forest regressor: % of features = 75.00, Least CV error: -0.41 and time : 1.407
Number of trees/estimators = 20, max depth = 15
Random forest regressor: % of features = 75.00, Least CV error: -0.41 and time : 2.101
Number of trees/estimators = 20, max depth = 25
Random forest regressor: % of features = 75.00, Least CV error: -0.39 and time : 2.803


Number of trees/estimators = 20, max depth = 3
Random forest regressor: % of features = 100.00, Least CV error: -0.08 and time : 0.128
Number of trees/estimators = 20, max depth = 6
Random forest regressor: % of features = 100.00, Least CV error: -0.14 and time : 0.178
Number of trees/estimators = 20, max depth = 8
Random forest regressor: % of features = 100.00, Least CV error: -0.19 and time : 0.214
Number of trees/estimators = 20, max depth = 10
Random forest regressor: % of features = 100.00, Least CV error: -0.24 and time : 0.253
Number of trees/estimators = 20, max depth = 15
Random forest regressor: % of features = 100.00, Least CV error: -0.32 and time : 0.394
Number of trees/estimators = 20, max depth = 25
Random forest regressor: % of features = 100.00, Least CV error: -0.35 and time : 0.750


Number of trees/estimators = 35, max depth = 3
Random forest regressor: % of features = 25.00, Least CV error: -0.20 and time : 0.404
Number of trees/estimators = 35, max depth = 6
Random forest regressor: % of features = 25.00, Least CV error: -0.29 and time : 0.665
Number of trees/estimators = 35, max depth = 8
Random forest regressor: % of features = 25.00, Least CV error: -0.34 and time : 0.844
Number of trees/estimators = 35, max depth = 10
Random forest regressor: % of features = 25.00, Least CV error: -0.38 and time : 1.022
Number of trees/estimators = 35, max depth = 15
Random forest regressor: % of features = 25.00, Least CV error: -0.41 and time : 1.540
Number of trees/estimators = 35, max depth = 25
Random forest regressor: % of features = 25.00, Least CV error: -0.40 and time : 2.268


Number of trees/estimators = 35, max depth = 3
Random forest regressor: % of features = 50.00, Least CV error: -0.22 and time : 0.633
Number of trees/estimators = 35, max depth = 6
Random forest regressor: % of features = 50.00, Least CV error: -0.33 and time : 1.113
Number of trees/estimators = 35, max depth = 8
Random forest regressor: % of features = 50.00, Least CV error: -0.38 and time : 1.432
Number of trees/estimators = 35, max depth = 10
Random forest regressor: % of features = 50.00, Least CV error: -0.41 and time : 1.741
Number of trees/estimators = 35, max depth = 15
Random forest regressor: % of features = 50.00, Least CV error: -0.42 and time : 2.604
Number of trees/estimators = 35, max depth = 25
Random forest regressor: % of features = 50.00, Least CV error: -0.40 and time : 3.569


Number of trees/estimators = 35, max depth = 3
Random forest regressor: % of features = 75.00, Least CV error: -0.23 and time : 0.875
Number of trees/estimators = 35, max depth = 6
Random forest regressor: % of features = 75.00, Least CV error: -0.34 and time : 1.554
Number of trees/estimators = 35, max depth = 8
Random forest regressor: % of features = 75.00, Least CV error: -0.39 and time : 1.998
Number of trees/estimators = 35, max depth = 10
Random forest regressor: % of features = 75.00, Least CV error: -0.41 and time : 2.466
Number of trees/estimators = 35, max depth = 15
Random forest regressor: % of features = 75.00, Least CV error: -0.41 and time : 3.692
Number of trees/estimators = 35, max depth = 25
Random forest regressor: % of features = 75.00, Least CV error: -0.40 and time : 4.891


Number of trees/estimators = 35, max depth = 3
Random forest regressor: % of features = 100.00, Least CV error: -0.08 and time : 0.204
Number of trees/estimators = 35, max depth = 6
Random forest regressor: % of features = 100.00, Least CV error: -0.15 and time : 0.287
Number of trees/estimators = 35, max depth = 8
Random forest regressor: % of features = 100.00, Least CV error: -0.19 and time : 0.348
Number of trees/estimators = 35, max depth = 10
Random forest regressor: % of features = 100.00, Least CV error: -0.24 and time : 0.422
Number of trees/estimators = 35, max depth = 15
Random forest regressor: % of features = 100.00, Least CV error: -0.32 and time : 0.664
Number of trees/estimators = 35, max depth = 25
Random forest regressor: % of features = 100.00, Least CV error: -0.37 and time : 1.288


Number of trees/estimators = 50, max depth = 3
Random forest regressor: % of features = 25.00, Least CV error: -0.20 and time : 0.574
Number of trees/estimators = 50, max depth = 6
Random forest regressor: % of features = 25.00, Least CV error: -0.30 and time : 0.950
Number of trees/estimators = 50, max depth = 8
Random forest regressor: % of features = 25.00, Least CV error: -0.34 and time : 1.198
Number of trees/estimators = 50, max depth = 10
Random forest regressor: % of features = 25.00, Least CV error: -0.38 and time : 1.445
Number of trees/estimators = 50, max depth = 15
Random forest regressor: % of features = 25.00, Least CV error: -0.41 and time : 2.192
Number of trees/estimators = 50, max depth = 25
Random forest regressor: % of features = 25.00, Least CV error: -0.41 and time : 3.234


Number of trees/estimators = 50, max depth = 3
Random forest regressor: % of features = 50.00, Least CV error: -0.22 and time : 0.901
Number of trees/estimators = 50, max depth = 6
Random forest regressor: % of features = 50.00, Least CV error: -0.33 and time : 1.586
Number of trees/estimators = 50, max depth = 8
Random forest regressor: % of features = 50.00, Least CV error: -0.38 and time : 2.032
Number of trees/estimators = 50, max depth = 10
Random forest regressor: % of features = 50.00, Least CV error: -0.41 and time : 2.481
Number of trees/estimators = 50, max depth = 15
Random forest regressor: % of features = 50.00, Least CV error: -0.42 and time : 3.739
Number of trees/estimators = 50, max depth = 25
Random forest regressor: % of features = 50.00, Least CV error: -0.40 and time : 5.107


Number of trees/estimators = 50, max depth = 3
Random forest regressor: % of features = 75.00, Least CV error: -0.23 and time : 1.238
Number of trees/estimators = 50, max depth = 6
Random forest regressor: % of features = 75.00, Least CV error: -0.34 and time : 2.224
Number of trees/estimators = 50, max depth = 8
Random forest regressor: % of features = 75.00, Least CV error: -0.39 and time : 2.856
Number of trees/estimators = 50, max depth = 10
Random forest regressor: % of features = 75.00, Least CV error: -0.41 and time : 3.507
Number of trees/estimators = 50, max depth = 15
Random forest regressor: % of features = 75.00, Least CV error: -0.42 and time : 5.247
Number of trees/estimators = 50, max depth = 25
Random forest regressor: % of features = 75.00, Least CV error: -0.40 and time : 6.965


Number of trees/estimators = 50, max depth = 3
Random forest regressor: % of features = 100.00, Least CV error: -0.08 and time : 0.290
Number of trees/estimators = 50, max depth = 6
Random forest regressor: % of features = 100.00, Least CV error: -0.14 and time : 0.397
Number of trees/estimators = 50, max depth = 8
Random forest regressor: % of features = 100.00, Least CV error: -0.19 and time : 0.493
Number of trees/estimators = 50, max depth = 10
Random forest regressor: % of features = 100.00, Least CV error: -0.23 and time : 0.594
Number of trees/estimators = 50, max depth = 15
Random forest regressor: % of features = 100.00, Least CV error: -0.32 and time : 0.939
Number of trees/estimators = 50, max depth = 25
Random forest regressor: % of features = 100.00, Least CV error: -0.37 and time : 1.834


Number of trees/estimators = 100, max depth = 3
Random forest regressor: % of features = 25.00, Least CV error: -0.19 and time : 1.124
Number of trees/estimators = 100, max depth = 6
Random forest regressor: % of features = 25.00, Least CV error: -0.30 and time : 1.863
Number of trees/estimators = 100, max depth = 8
Random forest regressor: % of features = 25.00, Least CV error: -0.34 and time : 2.360
Number of trees/estimators = 100, max depth = 10
Random forest regressor: % of features = 25.00, Least CV error: -0.38 and time : 2.866
Number of trees/estimators = 100, max depth = 15
Random forest regressor: % of features = 25.00, Least CV error: -0.41 and time : 4.335
Number of trees/estimators = 100, max depth = 25
Random forest regressor: % of features = 25.00, Least CV error: -0.41 and time : 6.445


Number of trees/estimators = 100, max depth = 3
Random forest regressor: % of features = 50.00, Least CV error: -0.22 and time : 1.786
Number of trees/estimators = 100, max depth = 6
Random forest regressor: % of features = 50.00, Least CV error: -0.33 and time : 3.159
Number of trees/estimators = 100, max depth = 8
Random forest regressor: % of features = 50.00, Least CV error: -0.38 and time : 4.048
Number of trees/estimators = 100, max depth = 10
Random forest regressor: % of features = 50.00, Least CV error: -0.41 and time : 4.940
Number of trees/estimators = 100, max depth = 15
Random forest regressor: % of features = 50.00, Least CV error: -0.42 and time : 7.493
Number of trees/estimators = 100, max depth = 25
Random forest regressor: % of features = 50.00, Least CV error: -0.41 and time : 10.126


Number of trees/estimators = 100, max depth = 3
Random forest regressor: % of features = 75.00, Least CV error: -0.23 and time : 2.468
Number of trees/estimators = 100, max depth = 6
Random forest regressor: % of features = 75.00, Least CV error: -0.34 and time : 4.413
Number of trees/estimators = 100, max depth = 8
Random forest regressor: % of features = 75.00, Least CV error: -0.39 and time : 5.689
Number of trees/estimators = 100, max depth = 10
Random forest regressor: % of features = 75.00, Least CV error: -0.41 and time : 6.977
Number of trees/estimators = 100, max depth = 15
Random forest regressor: % of features = 75.00, Least CV error: -0.42 and time : 10.477
Number of trees/estimators = 100, max depth = 25
Random forest regressor: % of features = 75.00, Least CV error: -0.41 and time : 13.866


Number of trees/estimators = 100, max depth = 3
Random forest regressor: % of features = 100.00, Least CV error: -0.08 and time : 0.554
Number of trees/estimators = 100, max depth = 6
Random forest regressor: % of features = 100.00, Least CV error: -0.15 and time : 0.792
Number of trees/estimators = 100, max depth = 8
Random forest regressor: % of features = 100.00, Least CV error: -0.20 and time : 0.977
Number of trees/estimators = 100, max depth = 10
Random forest regressor: % of features = 100.00, Least CV error: -0.24 and time : 1.187
Number of trees/estimators = 100, max depth = 15
Random forest regressor: % of features = 100.00, Least CV error: -0.32 and time : 1.879
Number of trees/estimators = 100, max depth = 25
Random forest regressor: % of features = 100.00, Least CV error: -0.37 and time : 3.671


Number of trees/estimators = 200, max depth = 3
Random forest regressor: % of features = 25.00, Least CV error: -0.20 and time : 2.224
Number of trees/estimators = 200, max depth = 6
Random forest regressor: % of features = 25.00, Least CV error: -0.30 and time : 3.743
Number of trees/estimators = 200, max depth = 8
Random forest regressor: % of features = 25.00, Least CV error: -0.34 and time : 4.734
Number of trees/estimators = 200, max depth = 10
Random forest regressor: % of features = 25.00, Least CV error: -0.37 and time : 5.759
Number of trees/estimators = 200, max depth = 15
Random forest regressor: % of features = 25.00, Least CV error: -0.41 and time : 8.646
Number of trees/estimators = 200, max depth = 25
Random forest regressor: % of features = 25.00, Least CV error: -0.41 and time : 12.834


Number of trees/estimators = 200, max depth = 3
Random forest regressor: % of features = 50.00, Least CV error: -0.22 and time : 3.563
Number of trees/estimators = 200, max depth = 6
Random forest regressor: % of features = 50.00, Least CV error: -0.33 and time : 6.272
Number of trees/estimators = 200, max depth = 8
Random forest regressor: % of features = 50.00, Least CV error: -0.38 and time : 8.058
Number of trees/estimators = 200, max depth = 10
Random forest regressor: % of features = 50.00, Least CV error: -0.41 and time : 9.851
Number of trees/estimators = 200, max depth = 15
Random forest regressor: % of features = 50.00, Least CV error: -0.43 and time : 14.838
Number of trees/estimators = 200, max depth = 25
Random forest regressor: % of features = 50.00, Least CV error: -0.41 and time : 20.124


Number of trees/estimators = 200, max depth = 3
Random forest regressor: % of features = 75.00, Least CV error: -0.23 and time : 4.877
Number of trees/estimators = 200, max depth = 6
Random forest regressor: % of features = 75.00, Least CV error: -0.34 and time : 8.777
Number of trees/estimators = 200, max depth = 8
Random forest regressor: % of features = 75.00, Least CV error: -0.39 and time : 11.303
Number of trees/estimators = 200, max depth = 10
Random forest regressor: % of features = 75.00, Least CV error: -0.41 and time : 13.919
Number of trees/estimators = 200, max depth = 15
Random forest regressor: % of features = 75.00, Least CV error: -0.42 and time : 20.926
Number of trees/estimators = 200, max depth = 25
Random forest regressor: % of features = 75.00, Least CV error: -0.41 and time : 27.628


Number of trees/estimators = 200, max depth = 3
Random forest regressor: % of features = 100.00, Least CV error: -0.08 and time : 1.112
Number of trees/estimators = 200, max depth = 6
Random forest regressor: % of features = 100.00, Least CV error: -0.15 and time : 1.582
Number of trees/estimators = 200, max depth = 8
Random forest regressor: % of features = 100.00, Least CV error: -0.20 and time : 1.967
Number of trees/estimators = 200, max depth = 10
Random forest regressor: % of features = 100.00, Least CV error: -0.24 and time : 2.362
Number of trees/estimators = 200, max depth = 15
Random forest regressor: % of features = 100.00, Least CV error: -0.33 and time : 3.725
Number of trees/estimators = 200, max depth = 25
Random forest regressor: % of features = 100.00, Least CV error: -0.38 and time : 7.239


Number of trees/estimators = 1, max depth = 3
Regressor using AdaBoosting: loss type = linear, Least CV error: -0.21 and time : 0.075
Number of trees/estimators = 1, max depth = 6
Regressor using AdaBoosting: loss type = linear, Least CV error: -0.30 and time : 0.113
Number of trees/estimators = 1, max depth = 8
Regressor using AdaBoosting: loss type = linear, Least CV error: -0.31 and time : 0.145
Number of trees/estimators = 1, max depth = 10
Regressor using AdaBoosting: loss type = linear, Least CV error: -0.27 and time : 0.163
Number of trees/estimators = 1, max depth = 15
Regressor using AdaBoosting: loss type = linear, Least CV error: -0.08 and time : 0.227
Number of trees/estimators = 1, max depth = 25
Regressor using AdaBoosting: loss type = linear, Least CV error: 0.11 and time : 0.285


Number of trees/estimators = 2, max depth = 3
Regressor using AdaBoosting: loss type = linear, Least CV error: -0.21 and time : 0.131
Number of trees/estimators = 2, max depth = 6
Regressor using AdaBoosting: loss type = linear, Least CV error: -0.30 and time : 0.215
Number of trees/estimators = 2, max depth = 8
Regressor using AdaBoosting: loss type = linear, Least CV error: -0.31 and time : 0.261
Number of trees/estimators = 2, max depth = 10
Regressor using AdaBoosting: loss type = linear, Least CV error: -0.27 and time : 0.312
Number of trees/estimators = 2, max depth = 15
Regressor using AdaBoosting: loss type = linear, Least CV error: -0.08 and time : 0.431
Number of trees/estimators = 2, max depth = 25
Regressor using AdaBoosting: loss type = linear, Least CV error: 0.11 and time : 0.541


Number of trees/estimators = 5, max depth = 3
Regressor using AdaBoosting: loss type = linear, Least CV error: -0.22 and time : 0.303
Number of trees/estimators = 5, max depth = 6
Regressor using AdaBoosting: loss type = linear, Least CV error: -0.32 and time : 0.497
Number of trees/estimators = 5, max depth = 8
Regressor using AdaBoosting: loss type = linear, Least CV error: -0.36 and time : 0.622
Number of trees/estimators = 5, max depth = 10
Regressor using AdaBoosting: loss type = linear, Least CV error: -0.37 and time : 0.747
Number of trees/estimators = 5, max depth = 15
Regressor using AdaBoosting: loss type = linear, Least CV error: -0.33 and time : 1.036
Number of trees/estimators = 5, max depth = 25
Regressor using AdaBoosting: loss type = linear, Least CV error: -0.22 and time : 1.303


Number of trees/estimators = 10, max depth = 3
Regressor using AdaBoosting: loss type = linear, Least CV error: -0.20 and time : 0.571
Number of trees/estimators = 10, max depth = 6
Regressor using AdaBoosting: loss type = linear, Least CV error: -0.32 and time : 0.939
Number of trees/estimators = 10, max depth = 8
Regressor using AdaBoosting: loss type = linear, Least CV error: -0.36 and time : 1.175
Number of trees/estimators = 10, max depth = 10
Regressor using AdaBoosting: loss type = linear, Least CV error: -0.39 and time : 1.410
Number of trees/estimators = 10, max depth = 15
Regressor using AdaBoosting: loss type = linear, Least CV error: -0.37 and time : 1.997
Number of trees/estimators = 10, max depth = 25
Regressor using AdaBoosting: loss type = linear, Least CV error: -0.27 and time : 2.558


Number of trees/estimators = 20, max depth = 3
Regressor using AdaBoosting: loss type = linear, Least CV error: -0.15 and time : 1.000
Number of trees/estimators = 20, max depth = 6
Regressor using AdaBoosting: loss type = linear, Least CV error: -0.28 and time : 1.733
Number of trees/estimators = 20, max depth = 8
Regressor using AdaBoosting: loss type = linear, Least CV error: -0.35 and time : 2.158
Number of trees/estimators = 20, max depth = 10
Regressor using AdaBoosting: loss type = linear, Least CV error: -0.38 and time : 2.593
Number of trees/estimators = 20, max depth = 15
Regressor using AdaBoosting: loss type = linear, Least CV error: -0.40 and time : 3.791
Number of trees/estimators = 20, max depth = 25
Regressor using AdaBoosting: loss type = linear, Least CV error: -0.33 and time : 5.001


Number of trees/estimators = 35, max depth = 3
Regressor using AdaBoosting: loss type = linear, Least CV error: -0.15 and time : 1.238
Number of trees/estimators = 35, max depth = 6
Regressor using AdaBoosting: loss type = linear, Least CV error: -0.21 and time : 2.801
Number of trees/estimators = 35, max depth = 8
Regressor using AdaBoosting: loss type = linear, Least CV error: -0.33 and time : 3.490
Number of trees/estimators = 35, max depth = 10
Regressor using AdaBoosting: loss type = linear, Least CV error: -0.37 and time : 4.218
Number of trees/estimators = 35, max depth = 15
Regressor using AdaBoosting: loss type = linear, Least CV error: -0.40 and time : 6.361
Number of trees/estimators = 35, max depth = 25
Regressor using AdaBoosting: loss type = linear, Least CV error: -0.35 and time : 8.645


Number of trees/estimators = 50, max depth = 3
Regressor using AdaBoosting: loss type = linear, Least CV error: -0.15 and time : 1.241
Number of trees/estimators = 50, max depth = 6
Regressor using AdaBoosting: loss type = linear, Least CV error: -0.18 and time : 3.788
Number of trees/estimators = 50, max depth = 8
Regressor using AdaBoosting: loss type = linear, Least CV error: -0.31 and time : 4.737
Number of trees/estimators = 50, max depth = 10
Regressor using AdaBoosting: loss type = linear, Least CV error: -0.37 and time : 5.769
Number of trees/estimators = 50, max depth = 15
Regressor using AdaBoosting: loss type = linear, Least CV error: -0.40 and time : 8.879
Number of trees/estimators = 50, max depth = 25
Regressor using AdaBoosting: loss type = linear, Least CV error: -0.36 and time : 12.340


Number of trees/estimators = 100, max depth = 3
Regressor using AdaBoosting: loss type = linear, Least CV error: -0.15 and time : 1.241
Number of trees/estimators = 100, max depth = 6
Regressor using AdaBoosting: loss type = linear, Least CV error: -0.11 and time : 6.791
Number of trees/estimators = 100, max depth = 8
Regressor using AdaBoosting: loss type = linear, Least CV error: -0.29 and time : 8.638
Number of trees/estimators = 100, max depth = 10
Regressor using AdaBoosting: loss type = linear, Least CV error: -0.38 and time : 10.712
Number of trees/estimators = 100, max depth = 15
Regressor using AdaBoosting: loss type = linear, Least CV error: -0.41 and time : 17.168
Number of trees/estimators = 100, max depth = 25
Regressor using AdaBoosting: loss type = linear, Least CV error: -0.37 and time : 24.453


Number of trees/estimators = 200, max depth = 3
Regressor using AdaBoosting: loss type = linear, Least CV error: -0.15 and time : 1.232
Number of trees/estimators = 200, max depth = 6
Regressor using AdaBoosting: loss type = linear, Least CV error: -0.06 and time : 12.389
Number of trees/estimators = 200, max depth = 8
Regressor using AdaBoosting: loss type = linear, Least CV error: -0.27 and time : 16.101
Number of trees/estimators = 200, max depth = 10
Regressor using AdaBoosting: loss type = linear, Least CV error: -0.37 and time : 20.416
Number of trees/estimators = 200, max depth = 15
Regressor using AdaBoosting: loss type = linear, Least CV error: -0.41 and time : 33.409
Number of trees/estimators = 200, max depth = 25
Regressor using AdaBoosting: loss type = linear, Least CV error: -0.38 and time : 48.552


Number of trees/estimators = 1, max depth = 3
Regressor using AdaBoosting: loss type = square, Least CV error: -0.21 and time : 0.074
Number of trees/estimators = 1, max depth = 6
Regressor using AdaBoosting: loss type = square, Least CV error: -0.30 and time : 0.113
Number of trees/estimators = 1, max depth = 8
Regressor using AdaBoosting: loss type = square, Least CV error: -0.31 and time : 0.142
Number of trees/estimators = 1, max depth = 10
Regressor using AdaBoosting: loss type = square, Least CV error: -0.27 and time : 0.163
Number of trees/estimators = 1, max depth = 15
Regressor using AdaBoosting: loss type = square, Least CV error: -0.08 and time : 0.225
Number of trees/estimators = 1, max depth = 25
Regressor using AdaBoosting: loss type = square, Least CV error: 0.11 and time : 0.275


Number of trees/estimators = 2, max depth = 3
Regressor using AdaBoosting: loss type = square, Least CV error: -0.21 and time : 0.131
Number of trees/estimators = 2, max depth = 6
Regressor using AdaBoosting: loss type = square, Least CV error: -0.30 and time : 0.209
Number of trees/estimators = 2, max depth = 8
Regressor using AdaBoosting: loss type = square, Least CV error: -0.31 and time : 0.259
Number of trees/estimators = 2, max depth = 10
Regressor using AdaBoosting: loss type = square, Least CV error: -0.26 and time : 0.307
Number of trees/estimators = 2, max depth = 15
Regressor using AdaBoosting: loss type = square, Least CV error: -0.08 and time : 0.426
Number of trees/estimators = 2, max depth = 25
Regressor using AdaBoosting: loss type = square, Least CV error: 0.11 and time : 0.535


Number of trees/estimators = 5, max depth = 3
Regressor using AdaBoosting: loss type = square, Least CV error: -0.24 and time : 0.295
Number of trees/estimators = 5, max depth = 6
Regressor using AdaBoosting: loss type = square, Least CV error: -0.29 and time : 0.484
Number of trees/estimators = 5, max depth = 8
Regressor using AdaBoosting: loss type = square, Least CV error: -0.35 and time : 0.613
Number of trees/estimators = 5, max depth = 10
Regressor using AdaBoosting: loss type = square, Least CV error: -0.36 and time : 0.740
Number of trees/estimators = 5, max depth = 15
Regressor using AdaBoosting: loss type = square, Least CV error: -0.32 and time : 1.029
Number of trees/estimators = 5, max depth = 25
Regressor using AdaBoosting: loss type = square, Least CV error: -0.23 and time : 1.296


Number of trees/estimators = 10, max depth = 3
Regressor using AdaBoosting: loss type = square, Least CV error: -0.06 and time : 0.530
Number of trees/estimators = 10, max depth = 6
Regressor using AdaBoosting: loss type = square, Least CV error: -0.27 and time : 0.900
Number of trees/estimators = 10, max depth = 8
Regressor using AdaBoosting: loss type = square, Least CV error: -0.35 and time : 1.138
Number of trees/estimators = 10, max depth = 10
Regressor using AdaBoosting: loss type = square, Least CV error: -0.37 and time : 1.382
Number of trees/estimators = 10, max depth = 15
Regressor using AdaBoosting: loss type = square, Least CV error: -0.37 and time : 1.987
Number of trees/estimators = 10, max depth = 25
Regressor using AdaBoosting: loss type = square, Least CV error: -0.30 and time : 2.519


Number of trees/estimators = 20, max depth = 3
Regressor using AdaBoosting: loss type = square, Least CV error: 0.10 and time : 0.962
Number of trees/estimators = 20, max depth = 6
Regressor using AdaBoosting: loss type = square, Least CV error: -0.19 and time : 1.615
Number of trees/estimators = 20, max depth = 8
Regressor using AdaBoosting: loss type = square, Least CV error: -0.35 and time : 2.059
Number of trees/estimators = 20, max depth = 10
Regressor using AdaBoosting: loss type = square, Least CV error: -0.38 and time : 2.532
Number of trees/estimators = 20, max depth = 15
Regressor using AdaBoosting: loss type = square, Least CV error: -0.38 and time : 3.776
Number of trees/estimators = 20, max depth = 25
Regressor using AdaBoosting: loss type = square, Least CV error: -0.35 and time : 4.874


Number of trees/estimators = 35, max depth = 3
Regressor using AdaBoosting: loss type = square, Least CV error: 0.25 and time : 1.525
Number of trees/estimators = 35, max depth = 6
Regressor using AdaBoosting: loss type = square, Least CV error: -0.18 and time : 2.557
Number of trees/estimators = 35, max depth = 8
Regressor using AdaBoosting: loss type = square, Least CV error: -0.32 and time : 3.279
Number of trees/estimators = 35, max depth = 10
Regressor using AdaBoosting: loss type = square, Least CV error: -0.38 and time : 4.090
Number of trees/estimators = 35, max depth = 15
Regressor using AdaBoosting: loss type = square, Least CV error: -0.39 and time : 6.325
Number of trees/estimators = 35, max depth = 25
Regressor using AdaBoosting: loss type = square, Least CV error: -0.36 and time : 8.320


Number of trees/estimators = 50, max depth = 3
Regressor using AdaBoosting: loss type = square, Least CV error: 0.31 and time : 2.043
Number of trees/estimators = 50, max depth = 6
Regressor using AdaBoosting: loss type = square, Least CV error: -0.14 and time : 3.434
Number of trees/estimators = 50, max depth = 8
Regressor using AdaBoosting: loss type = square, Least CV error: -0.32 and time : 4.410
Number of trees/estimators = 50, max depth = 10
Regressor using AdaBoosting: loss type = square, Least CV error: -0.38 and time : 5.555
Number of trees/estimators = 50, max depth = 15
Regressor using AdaBoosting: loss type = square, Least CV error: -0.39 and time : 8.719
Number of trees/estimators = 50, max depth = 25
Regressor using AdaBoosting: loss type = square, Least CV error: -0.36 and time : 11.714


Number of trees/estimators = 100, max depth = 3
Regressor using AdaBoosting: loss type = square, Least CV error: 0.40 and time : 3.731
Number of trees/estimators = 100, max depth = 6
Regressor using AdaBoosting: loss type = square, Least CV error: -0.13 and time : 6.250
Number of trees/estimators = 100, max depth = 8
Regressor using AdaBoosting: loss type = square, Least CV error: -0.31 and time : 8.183
Number of trees/estimators = 100, max depth = 10
Regressor using AdaBoosting: loss type = square, Least CV error: -0.39 and time : 10.334
Number of trees/estimators = 100, max depth = 15
Regressor using AdaBoosting: loss type = square, Least CV error: -0.40 and time : 16.620
Number of trees/estimators = 100, max depth = 25
Regressor using AdaBoosting: loss type = square, Least CV error: -0.37 and time : 22.952


Number of trees/estimators = 200, max depth = 3
Regressor using AdaBoosting: loss type = square, Least CV error: 0.43 and time : 6.996
Number of trees/estimators = 200, max depth = 6
Regressor using AdaBoosting: loss type = square, Least CV error: -0.09 and time : 11.765
Number of trees/estimators = 200, max depth = 8
Regressor using AdaBoosting: loss type = square, Least CV error: -0.31 and time : 15.472
Number of trees/estimators = 200, max depth = 10
Regressor using AdaBoosting: loss type = square, Least CV error: -0.38 and time : 19.768
Number of trees/estimators = 200, max depth = 15
Regressor using AdaBoosting: loss type = square, Least CV error: -0.40 and time : 32.223
Number of trees/estimators = 200, max depth = 25
Regressor using AdaBoosting: loss type = square, Least CV error: -0.37 and time : 45.371


Number of trees/estimators = 1, max depth = 3
Regressor using AdaBoosting: loss type = exponential, Least CV error: -0.21 and time : 0.075
Number of trees/estimators = 1, max depth = 6
Regressor using AdaBoosting: loss type = exponential, Least CV error: -0.30 and time : 0.113
Number of trees/estimators = 1, max depth = 8
Regressor using AdaBoosting: loss type = exponential, Least CV error: -0.31 and time : 0.138
Number of trees/estimators = 1, max depth = 10
Regressor using AdaBoosting: loss type = exponential, Least CV error: -0.27 and time : 0.163
Number of trees/estimators = 1, max depth = 15
Regressor using AdaBoosting: loss type = exponential, Least CV error: -0.08 and time : 0.225
Number of trees/estimators = 1, max depth = 25
Regressor using AdaBoosting: loss type = exponential, Least CV error: 0.11 and time : 0.276


Number of trees/estimators = 2, max depth = 3
Regressor using AdaBoosting: loss type = exponential, Least CV error: -0.21 and time : 0.131
Number of trees/estimators = 2, max depth = 6
Regressor using AdaBoosting: loss type = exponential, Least CV error: -0.30 and time : 0.209
Number of trees/estimators = 2, max depth = 8
Regressor using AdaBoosting: loss type = exponential, Least CV error: -0.31 and time : 0.259
Number of trees/estimators = 2, max depth = 10
Regressor using AdaBoosting: loss type = exponential, Least CV error: -0.27 and time : 0.312
Number of trees/estimators = 2, max depth = 15
Regressor using AdaBoosting: loss type = exponential, Least CV error: -0.08 and time : 0.430
Number of trees/estimators = 2, max depth = 25
Regressor using AdaBoosting: loss type = exponential, Least CV error: 0.11 and time : 0.537


Number of trees/estimators = 5, max depth = 3
Regressor using AdaBoosting: loss type = exponential, Least CV error: -0.23 and time : 0.299
Number of trees/estimators = 5, max depth = 6
Regressor using AdaBoosting: loss type = exponential, Least CV error: -0.34 and time : 0.497
Number of trees/estimators = 5, max depth = 8
Regressor using AdaBoosting: loss type = exponential, Least CV error: -0.36 and time : 0.620
Number of trees/estimators = 5, max depth = 10
Regressor using AdaBoosting: loss type = exponential, Least CV error: -0.37 and time : 0.740
Number of trees/estimators = 5, max depth = 15
Regressor using AdaBoosting: loss type = exponential, Least CV error: -0.33 and time : 1.032
Number of trees/estimators = 5, max depth = 25
Regressor using AdaBoosting: loss type = exponential, Least CV error: -0.22 and time : 1.297


Number of trees/estimators = 10, max depth = 3
Regressor using AdaBoosting: loss type = exponential, Least CV error: -0.22 and time : 0.570
Number of trees/estimators = 10, max depth = 6
Regressor using AdaBoosting: loss type = exponential, Least CV error: -0.33 and time : 0.946
Number of trees/estimators = 10, max depth = 8
Regressor using AdaBoosting: loss type = exponential, Least CV error: -0.37 and time : 1.183
Number of trees/estimators = 10, max depth = 10
Regressor using AdaBoosting: loss type = exponential, Least CV error: -0.39 and time : 1.418
Number of trees/estimators = 10, max depth = 15
Regressor using AdaBoosting: loss type = exponential, Least CV error: -0.35 and time : 2.000
Number of trees/estimators = 10, max depth = 25
Regressor using AdaBoosting: loss type = exponential, Least CV error: -0.29 and time : 2.551


Number of trees/estimators = 20, max depth = 3
Regressor using AdaBoosting: loss type = exponential, Least CV error: -0.15 and time : 1.077
Number of trees/estimators = 20, max depth = 6
Regressor using AdaBoosting: loss type = exponential, Least CV error: -0.29 and time : 1.758
Number of trees/estimators = 20, max depth = 8
Regressor using AdaBoosting: loss type = exponential, Least CV error: -0.35 and time : 2.205
Number of trees/estimators = 20, max depth = 10
Regressor using AdaBoosting: loss type = exponential, Least CV error: -0.39 and time : 2.634
Number of trees/estimators = 20, max depth = 15
Regressor using AdaBoosting: loss type = exponential, Least CV error: -0.38 and time : 3.827
Number of trees/estimators = 20, max depth = 25
Regressor using AdaBoosting: loss type = exponential, Least CV error: -0.33 and time : 5.051


Number of trees/estimators = 35, max depth = 3
Regressor using AdaBoosting: loss type = exponential, Least CV error: -0.03 and time : 1.750
Number of trees/estimators = 35, max depth = 6
Regressor using AdaBoosting: loss type = exponential, Least CV error: -0.24 and time : 2.830
Number of trees/estimators = 35, max depth = 8
Regressor using AdaBoosting: loss type = exponential, Least CV error: -0.33 and time : 3.525
Number of trees/estimators = 35, max depth = 10
Regressor using AdaBoosting: loss type = exponential, Least CV error: -0.37 and time : 4.294
Number of trees/estimators = 35, max depth = 15
Regressor using AdaBoosting: loss type = exponential, Least CV error: -0.40 and time : 6.417
Number of trees/estimators = 35, max depth = 25
Regressor using AdaBoosting: loss type = exponential, Least CV error: -0.35 and time : 8.775


Number of trees/estimators = 50, max depth = 3
Regressor using AdaBoosting: loss type = exponential, Least CV error: 0.09 and time : 2.369
Number of trees/estimators = 50, max depth = 6
Regressor using AdaBoosting: loss type = exponential, Least CV error: -0.19 and time : 3.817
Number of trees/estimators = 50, max depth = 8
Regressor using AdaBoosting: loss type = exponential, Least CV error: -0.32 and time : 4.775
Number of trees/estimators = 50, max depth = 10
Regressor using AdaBoosting: loss type = exponential, Least CV error: -0.37 and time : 5.828
Number of trees/estimators = 50, max depth = 15
Regressor using AdaBoosting: loss type = exponential, Least CV error: -0.40 and time : 8.944
Number of trees/estimators = 50, max depth = 25
Regressor using AdaBoosting: loss type = exponential, Least CV error: -0.36 and time : 12.508


Number of trees/estimators = 100, max depth = 3
Regressor using AdaBoosting: loss type = exponential, Least CV error: 0.28 and time : 4.251
Number of trees/estimators = 100, max depth = 6
Regressor using AdaBoosting: loss type = exponential, Least CV error: -0.11 and time : 6.815
Number of trees/estimators = 100, max depth = 8
Regressor using AdaBoosting: loss type = exponential, Least CV error: -0.29 and time : 8.678
Number of trees/estimators = 100, max depth = 10
Regressor using AdaBoosting: loss type = exponential, Least CV error: -0.37 and time : 10.864
Number of trees/estimators = 100, max depth = 15
Regressor using AdaBoosting: loss type = exponential, Least CV error: -0.41 and time : 17.283
Number of trees/estimators = 100, max depth = 25
Regressor using AdaBoosting: loss type = exponential, Least CV error: -0.37 and time : 24.840


Number of trees/estimators = 200, max depth = 3
Regressor using AdaBoosting: loss type = exponential, Least CV error: 0.42 and time : 7.654
Number of trees/estimators = 200, max depth = 6
Regressor using AdaBoosting: loss type = exponential, Least CV error: -0.05 and time : 12.442
Number of trees/estimators = 200, max depth = 8
Regressor using AdaBoosting: loss type = exponential, Least CV error: -0.27 and time : 16.229
Number of trees/estimators = 200, max depth = 10
Regressor using AdaBoosting: loss type = exponential, Least CV error: -0.36 and time : 20.587
Number of trees/estimators = 200, max depth = 15
Regressor using AdaBoosting: loss type = exponential, Least CV error: -0.41 and time : 33.981
Number of trees/estimators = 200, max depth = 25
Regressor using AdaBoosting: loss type = exponential, Least CV error: -0.37 and time : 52.442


Lambda = 2.00000
n_neighbors:  2
KNeighborsRegressor: Least CV error: -0.02 and time : 1.690


Lambda = 3.00000
n_neighbors:  3
KNeighborsRegressor: Least CV error: -0.13 and time : 1.819


Lambda = 4.00000
n_neighbors:  4
KNeighborsRegressor: Least CV error: -0.17 and time : 1.929


Lambda = 5.00000
n_neighbors:  5
KNeighborsRegressor: Least CV error: -0.19 and time : 2.006


Lambda = 6.00000
n_neighbors:  6
KNeighborsRegressor: Least CV error: -0.20 and time : 2.085


Lambda = 7.00000
n_neighbors:  7
KNeighborsRegressor: Least CV error: -0.22 and time : 2.143


Lambda = 8.00000
n_neighbors:  8
KNeighborsRegressor: Least CV error: -0.23 and time : 2.205


Lambda = 9.00000
n_neighbors:  9
KNeighborsRegressor: Least CV error: -0.23 and time : 2.252


/Users/erenatas/.conda/envs/CannyEdgeDetection/lib/python3.6/site-packages/sklearn/model_selection/_split.py:1943: FutureWarning: You should specify a value for 'cv' instead of relying on the default value. The default value will change from 3 to 5 in version 0.22.
  warnings.warn(CV_WARNING, FutureWarning)
Regressor using XGboosting:  
Best Index:  5 
Best estimator:  XGBRegressor(base_score=0.5, booster='gbtree', colsample_bylevel=1,
       colsample_bytree=0.9536851210553681, gamma=0.7711901252119502,
       learning_rate=0.07551865924575929, max_delta_step=0, max_depth=9,
       min_child_weight=4.662278320165063, missing=None,
       n_estimators=10462, n_jobs=1, nthread=None, nthreads=-1,
       objective='reg:linear', random_state=0, reg_alpha=34.65323897986219,
       reg_lambda=1, scale_pos_weight=1, seed=None, silent=True,
       subsample=0.9482017508338657) 
Best Params:  {'colsample_bytree': 0.9536851210553681, 'gamma': 0.7711901252119502, 'learning_rate': 0.07551865924575929, 'max_depth': 9, 'min_child_weight': 4.662278320165063, 'n_estimators': 10462, 'reg_alpha': 34.65323897986219, 'subsample': 0.9482017508338657}


-------------------------------------------------------------------------------------
----------------------------- outlier removed, PCA Applied-----------------------------
